[debug] [2022-09-22T20:23:07.831Z] ----------------------------------------------------------------------
[debug] [2022-09-22T20:23:07.837Z] Command:       C:\Program Files\nodejs\node.exe C:\Users\Divya\AppData\Roaming\npm\node_modules\firebase-tools\lib\bin\firebase.js init
[debug] [2022-09-22T20:23:07.838Z] CLI Version:   11.9.0
[debug] [2022-09-22T20:23:07.838Z] Platform:      win32
[debug] [2022-09-22T20:23:07.838Z] Node Version:  v16.15.0
[debug] [2022-09-22T20:23:07.840Z] Time:          Fri Sep 23 2022 01:53:07 GMT+0530 (India Standard Time)
[debug] [2022-09-22T20:23:07.841Z] ----------------------------------------------------------------------
[debug] 
[debug] [2022-09-22T20:23:07.859Z] > command requires scopes: ["email","openid","https://www.googleapis.com/auth/cloudplatformprojects.readonly","https://www.googleapis.com/auth/firebase","https://www.googleapis.com/auth/cloud-platform"]
[debug] [2022-09-22T20:23:07.860Z] > authorizing via signed-in user (jesusdiv18@gmail.com)
[info] 
     ######## #### ########  ######## ########     ###     ######  ########
     ##        ##  ##     ## ##       ##     ##  ##   ##  ##       ##
     ######    ##  ########  ######   ########  #########  ######  ######
     ##        ##  ##    ##  ##       ##     ## ##     ##       ## ##
     ##       #### ##     ## ######## ########  ##     ##  ######  ########

You're about to initialize a Firebase project in this directory:

  C:\Users\Divya\CodingSessions\ReactTodo\react-todo-app

[info] 
=== Project Setup
[info] 
[info] First, let's associate this project directory with a Firebase project.
[info] You can create multiple project aliases by running firebase use --add, 
[info] but for now we'll just set up a default project.
[info] 
[debug] [2022-09-22T20:25:02.459Z] >>> [apiv2][query] GET https://firebase.googleapis.com/v1beta1/availableProjects pageSize=100
[debug] [2022-09-22T20:25:03.754Z] <<< [apiv2][status] GET https://firebase.googleapis.com/v1beta1/availableProjects 200
[debug] [2022-09-22T20:25:03.754Z] <<< [apiv2][body] GET https://firebase.googleapis.com/v1beta1/availableProjects [omitted]
